<?xml version="1.0" encoding="UTF-8"?>
<testng-results ignored="0" total="1" passed="1" failed="0" skipped="0">
  <reporter-output>
  </reporter-output>
  <suite started-at="2024-02-28T23:03:36 IST" name="Default suite" finished-at="2024-02-28T23:04:11 IST" duration-ms="35195">
    <groups>
    </groups>
    <test started-at="2024-02-28T23:03:36 IST" name="Default test" finished-at="2024-02-28T23:04:11 IST" duration-ms="35195">
      <class name="testpkg.ClassTest">
        <test-method is-config="true" signature="setup()[pri:0, instance:testpkg.ClassTest@293a5bf6]" started-at="2024-02-28T23:03:36 IST" name="setup" finished-at="2024-02-28T23:03:48 IST" duration-ms="11945" status="PASS">
          <reporter-output>
          </reporter-output>
        </test-method> <!-- setup -->
        <test-method is-config="true" signature="urlloading()[pri:0, instance:testpkg.ClassTest@293a5bf6]" started-at="2024-02-28T23:03:48 IST" name="urlloading" finished-at="2024-02-28T23:03:58 IST" duration-ms="10037" status="PASS">
          <reporter-output>
          </reporter-output>
        </test-method> <!-- urlloading -->
        <test-method signature="test1()[pri:0, instance:testpkg.ClassTest@293a5bf6]" started-at="2024-02-28T23:03:58 IST" name="test1" finished-at="2024-02-28T23:04:11 IST" duration-ms="13149" status="PASS">
          <reporter-output>
          </reporter-output>
        </test-method> <!-- test1 -->
      </class> <!-- testpkg.ClassTest -->
    </test> <!-- Default test -->
  </suite> <!-- Default suite -->
</testng-results>
